
> ebook-raffle@0.1.0 build
> next build

⚠ Warning: Next.js inferred your workspace root, but it may not be correct.
 We detected multiple lockfiles and selected the directory of /Users/samuel/package-lock.json as the root directory.
 To silence this warning, set `turbopack.root` in your Next.js config, or consider removing one of the lockfiles if it's not needed.
   See https://nextjs.org/docs/app/api-reference/config/next-config-js/turbopack#root-directory for more information.
 Detected additional lockfiles: 
   * /Users/samuel/Desktop/novo pixregional/package-lock.json

▲ Next.js 16.1.6 (Turbopack)

  Creating an optimized production build ...
Error: Can't resolve 'tailwindcss-animate' in '/Users/samuel/Desktop/novo pixregional/src/app'
    [2m[at finishWithoutResolve (/Users/samuel/Desktop/novo pixregional/node_modules/enhanced-resolve/lib/Resolver.js:586:18)][0m
    [2m[at /Users/samuel/Desktop/novo pixregional/node_modules/enhanced-resolve/lib/Resolver.js:678:14][0m
    [2m[at /Users/samuel/Desktop/novo pixregional/node_modules/enhanced-resolve/lib/Resolver.js:739:5][0m
    [2m[at eval (eval at create (/Users/samuel/Desktop/novo pixregional/node_modules/tapable/lib/HookCodeFactory.js:31:10), <anonymous>:15:1)][0m
    [2m[at /Users/samuel/Desktop/novo pixregional/node_modules/enhanced-resolve/lib/Resolver.js:739:5][0m
    [2m[at eval (eval at create (/Users/samuel/Desktop/novo pixregional/node_modules/tapable/lib/HookCodeFactory.js:31:10), <anonymous>:27:1)][0m
    [2m[at /Users/samuel/Desktop/novo pixregional/node_modules/enhanced-resolve/lib/DescriptionFilePlugin.js:89:43][0m
    [2m[at /Users/samuel/Desktop/novo pixregional/node_modules/enhanced-resolve/lib/Resolver.js:739:5][0m
    [2m[at eval (eval at create (/Users/samuel/Desktop/novo pixregional/node_modules/tapable/lib/HookCodeFactory.js:31:10), <anonymous>:15:1)][0m
    [2m[at /Users/samuel/Desktop/novo pixregional/node_modules/enhanced-resolve/lib/Resolver.js:739:5][0m {
  details: "resolve 'tailwindcss-animate' in '/Users/samuel/Desktop/novo pixregional/src/app'\n" +
    '  Parsed request is a module\n' +
    '  using description file: /Users/samuel/Desktop/novo pixregional/package.json (relative path: ./src/app)\n' +
    '    resolve as module\n' +
    "      /Users/samuel/Desktop/novo pixregional/src/app/node_modules doesn't exist or is not a directory\n" +
    "      /Users/samuel/Desktop/novo pixregional/src/node_modules doesn't exist or is not a directory\n" +
    '      looking for modules in /Users/samuel/Desktop/novo pixregional/node_modules\n' +
    '        single file module\n' +
    '          using description file: /Users/samuel/Desktop/novo pixregional/package.json (relative path: ./node_modules/tailwindcss-animate)\n' +
    '            no extension\n' +
    "              /Users/samuel/Desktop/novo pixregional/node_modules/tailwindcss-animate doesn't exist\n" +
    '            .js\n' +
    "              /Users/samuel/Desktop/novo pixregional/node_modules/tailwindcss-animate.js doesn't exist\n" +
    '            .json\n' +
    "              /Users/samuel/Desktop/novo pixregional/node_modules/tailwindcss-animate.json doesn't exist\n" +
    '            .node\n' +
    "              /Users/samuel/Desktop/novo pixregional/node_modules/tailwindcss-animate.node doesn't exist\n" +
    '            .ts\n' +
    "              /Users/samuel/Desktop/novo pixregional/node_modules/tailwindcss-animate.ts doesn't exist\n" +
    "        /Users/samuel/Desktop/novo pixregional/node_modules/tailwindcss-animate doesn't exist\n" +
    "      /Users/samuel/Desktop/node_modules doesn't exist or is not a directory\n" +
    "      /Users/samuel/node_modules doesn't exist or is not a directory\n" +
    "      /Users/node_modules doesn't exist or is not a directory\n" +
    "      /node_modules doesn't exist or is not a directory"
}

> Build error occurred
Error: Turbopack build failed with 1 errors:
./Desktop/novo pixregional/src/app/globals.css
Error evaluating Node.js code
CssSyntaxError: tailwindcss: /Users/samuel/Desktop/novo pixregional/src/app/globals.css:1:1: Can't resolve 'tailwindcss-animate' in '/Users/samuel/Desktop/novo pixregional/src/app'
    at Input.error (Desktop/novo pixregional/node_modules/postcss/lib/input.js:135:16) [/Users/samuel/Desktop/novo pixregional/.next/build/chunks/ee5c1_12ec2a87._.js:4651:22]
    at Root.error (Desktop/novo pixregional/node_modules/postcss/lib/node.js:146:32) [/Users/samuel/Desktop/novo pixregional/.next/build/chunks/ee5c1_12ec2a87._.js:928:38]
    [at Object.Once (/Users/samuel/Desktop/novo pixregional/node_modules/@tailwindcss/postcss/dist/index.js:10:6911)]
    at async LazyResult.runAsync (Desktop/novo pixregional/node_modules/postcss/lib/lazy-result.js:293:11) [/Users/samuel/Desktop/novo pixregional/.next/build/chunks/ee5c1_12ec2a87._.js:6206:21]
    at async transform (turbopack:///[turbopack-node]/transforms/postcss.ts:70:34) [/Users/samuel/Desktop/novo pixregional/.next/build/chunks/[root-of-the-server]__db9eb0e5._.js:146:36]
    at async run (turbopack:///[turbopack-node]/ipc/evaluate.ts:92:23) [/Users/samuel/Desktop/novo pixregional/.next/build/chunks/[root-of-the-server]__5143c4be._.js:443:31]

Import trace:
  Client Component Browser:
    ./Desktop/novo pixregional/src/app/globals.css [Client Component Browser]
    ./Desktop/novo pixregional/src/app/layout.tsx [Server Component]


    at async transform (turbopack:///[turbopack-node]/transforms/postcss.ts:70:34) [/Users/samuel/Desktop/novo pixregional/.next/build/chunks/[root-of-the-server]__db9eb0e5._.js:146:36])
    at async run (turbopack:///[turbopack-node]/ipc/evaluate.ts:92:23) [/Users/samuel/Desktop/novo pixregional/.next/build/chunks/[root-of-the-server]__5143c4be._.js:443:31])
